-1
-1
-1
10
5
6
1
11
11
8
9
7
13
16
6
10
5
7
11
10
8
7
9
8
10
7
9
12
11
10
7
13
9
8
9
9
8
1
-1
11
-1
14
8
14
10
6
12
11
12
11
12
9
13
13
11
9
7
14
4
8
12
14
8
13
13
11
11
16
5
11
17
7
14
9
9
9
4
6
12
-1
15
10
17
13
7
8
10
6
6
10
8
5
8
7
7
6
7
16
5
13
11
7
14
8
13
16
7
6
11
10
14
8
4
9
5
9
10
8
6
8
13
7
3
9
9
14
7
10
-1
13
12
8
9
7
9
9
4
3
12
15
10
-1
9
7
14
14
12
6
8
11
12
13
11
12
16
12
10
9
8
14
10
13
13
13
14
9
10
13
10
7
8
15
10
15
13
10
-1
13
-1
16
8
10
-1
6
15
9
13
9
11
6
6
8
14
7
12
9
9
8
13
14
8
-1
11
7
10
11
12
7
10
12
